[debug] [2018-11-08T03:45:06.994Z] ----------------------------------------------------------------------
[debug] [2018-11-08T03:45:07.000Z] Command:       C:\Program Files\nodejs\node.exe C:\Users\Jahaziel\AppData\Roaming\npm\node_modules\firebase-tools\bin\firebase init
[debug] [2018-11-08T03:45:07.000Z] CLI Version:   3.18.4
[debug] [2018-11-08T03:45:07.000Z] Platform:      win32
[debug] [2018-11-08T03:45:07.000Z] Node Version:  v11.1.0
[debug] [2018-11-08T03:45:07.003Z] Time:          Wed Nov 07 2018 21:45:07 GMT-0600 (GMT-06:00)
[debug] [2018-11-08T03:45:07.004Z] ----------------------------------------------------------------------
[debug] 
[debug] [2018-11-08T03:45:07.084Z] > command requires scopes: ["email","openid","https://www.googleapis.com/auth/cloudplatformprojects.readonly","https://www.googleapis.com/auth/firebase"]
[debug] [2018-11-08T03:45:07.086Z] > authorizing via signed-in user
[info] 
     ######## #### ########  ######## ########     ###     ######  ########
     ##        ##  ##     ## ##       ##     ##  ##   ##  ##       ##
     ######    ##  ########  ######   ########  #########  ######  ######
     ##        ##  ##    ##  ##       ##     ## ##     ##       ## ##
     ##       #### ##     ## ######## ########  ##     ##  ######  ########

You're about to initialize a Firebase project in this directory:

  C:\Users\Jahaziel\Desktop\Trabajos\Diamond Software\SPG\SPG

[info] 
=== Project Setup
[info] 
[info] First, let's associate this project directory with a Firebase project.
[info] You can create multiple project aliases by running firebase use --add, 
[info] but for now we'll just set up a default project.
[info] 
[debug] [2018-11-08T03:45:53.591Z] > refreshing access token with scopes: ["email","https://www.googleapis.com/auth/cloudplatformprojects.readonly","https://www.googleapis.com/auth/firebase","openid"]
[debug] [2018-11-08T03:45:53.591Z] >>> HTTP REQUEST POST https://www.googleapis.com/oauth2/v3/token  
 { refresh_token:
   '1/k9sHvD6PGAiVbqqaKhEoPoBVsaqXwZCewpJPmHizXqbjGXylj9rprJjuVO8kbi7t',
  client_id:
   '563584335869-fgrhgmd47bqnekij5i8b5pr03ho849e6.apps.googleusercontent.com',
  client_secret: 'j9iVZfS8kkCEFUPaAeJV0sAi',
  grant_type: 'refresh_token',
  scope:
   'email https://www.googleapis.com/auth/cloudplatformprojects.readonly https://www.googleapis.com/auth/firebase openid' } 
 Wed Nov 07 2018 21:45:53 GMT-0600 (GMT-06:00)
[debug] [2018-11-08T03:45:53.938Z] <<< HTTP RESPONSE 200
[debug] [2018-11-08T03:45:54.008Z] >>> HTTP REQUEST GET https://admin.firebase.com/v1/projects  
  
 Wed Nov 07 2018 21:45:54 GMT-0600 (GMT-06:00)
[debug] [2018-11-08T03:45:54.841Z] <<< HTTP RESPONSE 200
